C51 COMPILER V9.01   DELAY                                                                 07/11/2018 18:15:49 PAGE 1   


C51 COMPILER V9.01, COMPILATION OF MODULE DELAY
OBJECT MODULE PLACED IN delay.obj
COMPILER INVOKED BY: G:\Keil\k4\C51\BIN\C51.EXE src\delay.c BROWSE DEBUG OBJECTEXTEND PRINT(.\delay.lst) OBJECT(delay.ob
                    -j)

line level    source

   1          #include "delay.h"
   2          #include <intrins.h>
   3          
   4          unsigned char __j_, __k_;
   5          
   6          void delay(unsigned char i)     {
   7   1              for(__j_ = i; __j_ > 0; __j_--)
   8   1                      for(__k_ = 32; __k_ > 0; __k_--);
   9   1      }
  10          
  11          // void delay100us()            //@11.0592MHz
  12          // {
  13          //      _nop_();
  14          //      _nop_();
  15          //      __j_ = 2;
  16          //      __k_ = 15;
  17          //      do
  18          //      {
  19          //              while (--__k_);
  20          //      } while (--__j_);
  21          // }
  22          
  23          // void delay1ms()              //@11.0592MHz
  24          // {
  25          //      unsigned char __j_, __k_;
  26          
  27          //      _nop_();
  28          //      _nop_();
  29          //      _nop_();
  30          //      __j_ = 11;
  31          //      __k_ = 190;
  32          //      do
  33          //      {
  34          //              while (--__k_);
  35          //      } while (--__j_);
  36          // }
  37          
  38          // void delay3906us()           //@11.0592MHz
  39          // {
  40          //      unsigned char __j_, __k_;
  41          
  42          //      _nop_();
  43          //      __j_ = 43;
  44          //      __k_ = 1;
  45          //      do
  46          //      {
  47          //              while (--__k_);
  48          //      } while (--__j_);
  49          // }


MODULE INFORMATION:   STATIC OVERLAYABLE
   CODE SIZE        =     20    ----
   CONSTANT SIZE    =   ----    ----
C51 COMPILER V9.01   DELAY                                                                 07/11/2018 18:15:49 PAGE 2   

   XDATA SIZE       =   ----    ----
   PDATA SIZE       =   ----    ----
   DATA SIZE        =      2    ----
   IDATA SIZE       =   ----    ----
   BIT SIZE         =   ----    ----
END OF MODULE INFORMATION.


C51 COMPILATION COMPLETE.  0 WARNING(S),  0 ERROR(S)
