C51 COMPILER V9.01   TIMER                                                                 07/11/2018 18:59:32 PAGE 1   


C51 COMPILER V9.01, COMPILATION OF MODULE TIMER
OBJECT MODULE PLACED IN timer.obj
COMPILER INVOKED BY: G:\Keil\k4\C51\BIN\C51.EXE src\timer.c BROWSE DEBUG OBJECTEXTEND PRINT(.\timer.lst) OBJECT(timer.ob
                    -j)

line level    source

   1          #include "timer.h"
   2          #include <reg52.h>
   3          
   4          /*------------------------------------------------
   5                              初始化定时器1
   6          ------------------------------------------------*/
   7          // void Init_Timer1(void)
   8          // {
   9          //      TMOD = 0x10;            //设置定时器模式
  10          //      TL1 = (65536-7)%256;            // 1ms
  11          //      TH1 = (65536-7)/256;
  12          //      TF1 = 0;                //清除TF1标志
  13          //     ET1 = 1;
  14          //     EA  = 1;
  15          //      TR1 = 1;                //定时器1开始计时
  16          // }
  17          
  18          void Init_Timer0(void) {
  19   1          TMOD = 0x01;                //设置定时器模式
  20   1              TL0 = (65536-251)%256;      // 200 Hz for sin wave
  21   1              TH0 = (65536-251)/256;      // 200 Hz for sin wave
  22   1              TF0 = 0;                //清除TF0标志
  23   1          ET0 = 1;
  24   1          EA  = 1;
  25   1              TR0 = 1;                //定时器0开始计时
  26   1      }


MODULE INFORMATION:   STATIC OVERLAYABLE
   CODE SIZE        =     18    ----
   CONSTANT SIZE    =   ----    ----
   XDATA SIZE       =   ----    ----
   PDATA SIZE       =   ----    ----
   DATA SIZE        =   ----    ----
   IDATA SIZE       =   ----    ----
   BIT SIZE         =   ----    ----
END OF MODULE INFORMATION.


C51 COMPILATION COMPLETE.  0 WARNING(S),  0 ERROR(S)
